<?xml version="1.0" encoding="UTF-8"?>
<testng-results skipped="0" failed="0" total="1" passed="1">
  <reporter-output>
  </reporter-output>
  <suite name="de.TestFoo" duration-ms="29" started-at="2014-10-18T16:31:01Z" finished-at="2014-10-18T16:31:01Z">
    <groups>
    </groups>
    <test name="Command line test" duration-ms="29" started-at="2014-10-18T16:31:01Z" finished-at="2014-10-18T16:31:01Z">
      <class name="de.TestFoo">
        <test-method status="PASS" signature="testFoo()[pri:0, instance:de.TestFoo@28bb0d0d]" name="testFoo" duration-ms="12" started-at="2014-10-18T18:31:01Z" finished-at="2014-10-18T18:31:01Z">
          <reporter-output>
          </reporter-output>
        </test-method> <!-- testFoo -->
      </class> <!-- de.TestFoo -->
    </test> <!-- Command line test -->
  </suite> <!-- de.TestFoo -->
</testng-results>
